<?xml version="1.0" encoding="UTF-8"?>
<!-- Generated by org.testng.reporters.JUnitReportReporter -->
<testsuite hostname="Aparna" failures="0" tests="1" name="testautomationpractice.blogspot.SignInTargetAllLink" time="17.946" errors="0" timestamp="2023-07-06T19:53:56 IST" skipped="0">
  <testcase classname="testautomationpractice.blogspot.SignInTargetAllLink" name="getAllSignInLink" time="17.946"/>
  <system-out/>
</testsuite> <!-- testautomationpractice.blogspot.SignInTargetAllLink -->
