<?xml version="1.0" encoding="UTF-8"?>
<!-- Generated by org.testng.reporters.JUnitReportReporter -->
<testsuite hostname="Aparna" failures="0" tests="1" name="testautomationpractice.blogspot.AlerBoxHandle" time="10.117" errors="0" timestamp="2023-05-24T12:06:01 IST" skipped="0">
  <testcase classname="testautomationpractice.blogspot.AlerBoxHandle" name="alertHamdle" time="10.117"/>
  <system-out/>
</testsuite> <!-- testautomationpractice.blogspot.AlerBoxHandle -->
