<?xml version="1.0" encoding="UTF-8"?>
<!-- Generated by org.testng.reporters.JUnitReportReporter -->
<testsuite hostname="Aparna" failures="0" tests="1" name="testcase.TestCaseForDopDownValue" time="68.446" errors="0" timestamp="2023-05-23T14:30:00 IST" skipped="0">
  <testcase classname="testcase.TestCaseForDopDownValue" name="selectCountryDropDown" time="68.446"/>
  <system-out/>
</testsuite> <!-- testcase.TestCaseForDopDownValue -->
