<?xml version="1.0" encoding="UTF-8"?>
<!-- Generated by org.testng.reporters.JUnitReportReporter -->
<testsuite hostname="Aparna" failures="0" tests="1" name="testcase.TC_VerifyAirvistaraHomePage" time="88.567" errors="0" timestamp="2023-05-23T21:40:49 IST" skipped="0">
  <testcase classname="testcase.TC_VerifyAirvistaraHomePage" name="VerifyAirvistaraHomePage" time="88.567"/>
  <system-out/>
</testsuite> <!-- testcase.TC_VerifyAirvistaraHomePage -->
