<?xml version="1.0" encoding="UTF-8"?>
<!-- Generated by org.testng.reporters.JUnitReportReporter -->
<testsuite hostname="Aparna" failures="0" tests="1" name="testcase.TC_Login_001" time="15.327" errors="0" timestamp="2023-05-16T15:52:43 IST" skipped="0">
  <testcase classname="testcase.TC_Login_001" name="loginTest" time="15.327"/>
  <system-out/>
</testsuite> <!-- testcase.TC_Login_001 -->
