<?xml version="1.0" encoding="UTF-8"?>
<!-- Generated by org.testng.reporters.JUnitReportReporter -->
<testsuite hostname="Aparna" failures="0" tests="1" name="testcase.TC_MyAccount_002" time="8.703" errors="0" timestamp="2023-05-16T15:34:36 IST" skipped="0">
  <testcase classname="testcase.TC_MyAccount_002" name="clickOnMyAccount" time="8.703"/>
  <system-out/>
</testsuite> <!-- testcase.TC_MyAccount_002 -->
