<?xml version="1.0" encoding="UTF-8"?>
<!-- Generated by org.testng.reporters.JUnitReportReporter -->
<testsuite hostname="Aparna" failures="0" tests="1" name="testautomationpractice.blogspot.TargetSearchLink" time="22.810" errors="0" timestamp="2023-07-07T14:29:34 IST" skipped="0">
  <testcase classname="testautomationpractice.blogspot.TargetSearchLink" name="getAllLinkSearchBox" time="22.810"/>
  <system-out/>
</testsuite> <!-- testautomationpractice.blogspot.TargetSearchLink -->
