<?xml version="1.0" encoding="UTF-8"?>
<!-- Generated by org.testng.reporters.JUnitReportReporter -->
<testsuite hostname="Aparna" failures="0" tests="1" name="testautomationpractice.blogspot.Verify_MultipleCheckBox" time="28.609" errors="0" timestamp="2023-08-20T19:07:25 IST" skipped="0">
  <testcase classname="testautomationpractice.blogspot.Verify_MultipleCheckBox" name="verifyCheckBox" time="28.609"/>
  <system-out/>
</testsuite> <!-- testautomationpractice.blogspot.Verify_MultipleCheckBox -->
