<?xml version="1.0" encoding="UTF-8"?>
<!-- Generated by org.testng.reporters.JUnitReportReporter -->
<testsuite hostname="Aparna" failures="0" tests="1" name="testautomationpractice.blogspot.verfyMultipleCheckBox" time="10.576" errors="0" timestamp="2023-08-19T19:52:29 IST" skipped="0">
  <testcase classname="testautomationpractice.blogspot.verfyMultipleCheckBox" name="verifyMultipleCheckBox" time="10.576"/>
  <system-out/>
</testsuite> <!-- testautomationpractice.blogspot.verfyMultipleCheckBox -->
