<?xml version="1.0" encoding="UTF-8"?>
<!-- Generated by org.testng.reporters.JUnitReportReporter -->
<testsuite hostname="Aparna" failures="0" tests="1" name="testautomationpractice.blogspot.JavaScriptExecutorClick" time="15.883" errors="0" timestamp="2023-05-24T13:41:09 IST" skipped="0">
  <testcase classname="testautomationpractice.blogspot.JavaScriptExecutorClick" name="JavaScriptExecutorClickMethpd" time="15.883"/>
  <system-out/>
</testsuite> <!-- testautomationpractice.blogspot.JavaScriptExecutorClick -->
