<?xml version="1.0" encoding="UTF-8"?>
<!-- Generated by org.testng.reporters.JUnitReportReporter -->
<testsuite hostname="Aparna" failures="0" tests="3" name="testNgTestCasePractice.CrossBrowserTest" time="50.163" errors="0" timestamp="2023-06-28T14:24:42 IST" skipped="0">
  <testcase classname="testNgTestCasePractice.CrossBrowserTest" name="textinSearchBox" time="15.982"/>
  <system-out/>
  <testcase classname="testNgTestCasePractice.CrossBrowserTest" name="textinSearchBox" time="15.672"/>
  <system-out/>
  <testcase classname="testNgTestCasePractice.CrossBrowserTest" name="textinSearchBox" time="18.509"/>
  <system-out/>
</testsuite> <!-- testNgTestCasePractice.CrossBrowserTest -->
